Determining if the pthread_create exist failed with the following output:
Change Dir: /home/roberto/documents/USP/Programação/OpenGL/learnopengl/tutorial/cmake-build-debug/CMakeFiles/CMakeTmp

Run Build Command:"/usr/bin/make" "cmTC_8002e/fast"
/usr/bin/make -f CMakeFiles/cmTC_8002e.dir/build.make CMakeFiles/cmTC_8002e.dir/build
make[1]: Entering directory '/home/roberto/MEGA/USP/Programação/OpenGL/learnopengl/tutorial/cmake-build-debug/CMakeFiles/CMakeTmp'
Building C object CMakeFiles/cmTC_8002e.dir/CheckSymbolExists.c.o
/usr/bin/cc     -o CMakeFiles/cmTC_8002e.dir/CheckSymbolExists.c.o   -c /home/roberto/documents/USP/Programação/OpenGL/learnopengl/tutorial/cmake-build-debug/CMakeFiles/CMakeTmp/CheckSymbolExists.c
Linking C executable cmTC_8002e
/opt/clion/bin/cmake/bin/cmake -E cmake_link_script CMakeFiles/cmTC_8002e.dir/link.txt --verbose=1
/usr/bin/cc       CMakeFiles/cmTC_8002e.dir/CheckSymbolExists.c.o  -o cmTC_8002e -rdynamic 
CMakeFiles/cmTC_8002e.dir/CheckSymbolExists.c.o: In function `main':
CheckSymbolExists.c:(.text+0x16): undefined reference to `pthread_create'
collect2: error: ld returned 1 exit status
make[1]: *** [CMakeFiles/cmTC_8002e.dir/build.make:98: cmTC_8002e] Error 1
make[1]: Leaving directory '/home/roberto/MEGA/USP/Programação/OpenGL/learnopengl/tutorial/cmake-build-debug/CMakeFiles/CMakeTmp'
make: *** [Makefile:126: cmTC_8002e/fast] Error 2

File /home/roberto/documents/USP/Programação/OpenGL/learnopengl/tutorial/cmake-build-debug/CMakeFiles/CMakeTmp/CheckSymbolExists.c:
/* */
#include <pthread.h>

int main(int argc, char** argv)
{
  (void)argv;
#ifndef pthread_create
  return ((int*)(&pthread_create))[argc];
#else
  (void)argc;
  return 0;
#endif
}

Determining if the function pthread_create exists in the pthreads failed with the following output:
Change Dir: /home/roberto/documents/USP/Programação/OpenGL/learnopengl/tutorial/cmake-build-debug/CMakeFiles/CMakeTmp

Run Build Command:"/usr/bin/make" "cmTC_3e870/fast"
/usr/bin/make -f CMakeFiles/cmTC_3e870.dir/build.make CMakeFiles/cmTC_3e870.dir/build
make[1]: Entering directory '/home/roberto/MEGA/USP/Programação/OpenGL/learnopengl/tutorial/cmake-build-debug/CMakeFiles/CMakeTmp'
Building C object CMakeFiles/cmTC_3e870.dir/CheckFunctionExists.c.o
/usr/bin/cc    -DCHECK_FUNCTION_EXISTS=pthread_create   -o CMakeFiles/cmTC_3e870.dir/CheckFunctionExists.c.o   -c /opt/clion/bin/cmake/share/cmake-3.6/Modules/CheckFunctionExists.c
Linking C executable cmTC_3e870
/opt/clion/bin/cmake/bin/cmake -E cmake_link_script CMakeFiles/cmTC_3e870.dir/link.txt --verbose=1
/usr/bin/cc   -DCHECK_FUNCTION_EXISTS=pthread_create    CMakeFiles/cmTC_3e870.dir/CheckFunctionExists.c.o  -o cmTC_3e870 -rdynamic -lpthreads 
/usr/bin/ld: cannot find -lpthreads
collect2: error: ld returned 1 exit status
make[1]: *** [CMakeFiles/cmTC_3e870.dir/build.make:98: cmTC_3e870] Error 1
make[1]: Leaving directory '/home/roberto/MEGA/USP/Programação/OpenGL/learnopengl/tutorial/cmake-build-debug/CMakeFiles/CMakeTmp'
make: *** [Makefile:126: cmTC_3e870/fast] Error 2


